0 info it worked if it ends with ok
1 verbose cli [ '/usr/local/bin/node', '/usr/local/bin/npm', 'run', 'dev' ]
2 info using npm@3.8.1
3 info using node@v5.7.0
4 verbose run-script [ 'predev', 'dev', 'postdev' ]
5 info lifecycle hexo-editor@1.0.0~predev: hexo-editor@1.0.0
6 silly lifecycle hexo-editor@1.0.0~predev: no script for predev, continuing
7 info lifecycle hexo-editor@1.0.0~dev: hexo-editor@1.0.0
8 verbose lifecycle hexo-editor@1.0.0~dev: unsafe-perm in lifecycle true
9 verbose lifecycle hexo-editor@1.0.0~dev: PATH: /usr/local/lib/node_modules/npm/bin/node-gyp-bin:/Users/hoolai/workspace/hexo-editor/node_modules/.bin:/usr/local/bin:/Library/Java/JavaVirtualMachines/jdk1.8.0_45.jdk/Contents/Home/bin:/Applications/apache-maven-2.2.1/bin:/usr/local/bin:/usr/bin:/bin:/usr/sbin:/sbin
10 verbose lifecycle hexo-editor@1.0.0~dev: CWD: /Users/hoolai/workspace/hexo-editor
11 silly lifecycle hexo-editor@1.0.0~dev: Args: [ '-c',
11 silly lifecycle   'npm run start && webpack --progress --debug --display-error-details' ]
12 silly lifecycle hexo-editor@1.0.0~dev: Returned: code: 1  signal: null
13 info lifecycle hexo-editor@1.0.0~dev: Failed to exec dev script
14 verbose stack Error: hexo-editor@1.0.0 dev: `npm run start && webpack --progress --debug --display-error-details`
14 verbose stack Exit status 1
14 verbose stack     at EventEmitter.<anonymous> (/usr/local/lib/node_modules/npm/lib/utils/lifecycle.js:239:16)
14 verbose stack     at emitTwo (events.js:100:13)
14 verbose stack     at EventEmitter.emit (events.js:185:7)
14 verbose stack     at ChildProcess.<anonymous> (/usr/local/lib/node_modules/npm/lib/utils/spawn.js:24:14)
14 verbose stack     at emitTwo (events.js:100:13)
14 verbose stack     at ChildProcess.emit (events.js:185:7)
14 verbose stack     at maybeClose (internal/child_process.js:827:16)
14 verbose stack     at Process.ChildProcess._handle.onexit (internal/child_process.js:211:5)
15 verbose pkgid hexo-editor@1.0.0
16 verbose cwd /Users/hoolai/workspace/hexo-editor
17 error Darwin 14.5.0
18 error argv "/usr/local/bin/node" "/usr/local/bin/npm" "run" "dev"
19 error node v5.7.0
20 error npm  v3.8.1
21 error code ELIFECYCLE
22 error hexo-editor@1.0.0 dev: `npm run start && webpack --progress --debug --display-error-details`
22 error Exit status 1
23 error Failed at the hexo-editor@1.0.0 dev script 'npm run start && webpack --progress --debug --display-error-details'.
23 error Make sure you have the latest version of node.js and npm installed.
23 error If you do, this is most likely a problem with the hexo-editor package,
23 error not with npm itself.
23 error Tell the author that this fails on your system:
23 error     npm run start && webpack --progress --debug --display-error-details
23 error You can get information on how to open an issue for this project with:
23 error     npm bugs hexo-editor
23 error Or if that isn't available, you can get their info via:
23 error     npm owner ls hexo-editor
23 error There is likely additional logging output above.
24 verbose exit [ 1, true ]
